
2023/08/27 (09:09:51) | ===> btop++ v.1.2.13
2023/08/27 (09:09:51) | INFO: Logger set to INFO
2023/08/27 (09:09:52) | INFO: Logger set to DEBUG

2023/11/27 (10:41:31) | ===> btop++ v.1.2.13
2023/11/27 (10:41:31) | WARNING: Failed to get disk/partition stats for mount "swap" with statvfs error code: 2. Ignoring...

2023/11/27 (10:55:51) | ===> btop++ v.1.2.13
2023/11/27 (10:55:51) | WARNING: Failed to get disk/partition stats for mount "swap" with statvfs error code: 2. Ignoring...

2023/11/27 (10:56:43) | ===> btop++ v.1.2.13
2023/11/27 (10:56:43) | WARNING: Failed to get disk/partition stats for mount "swap" with statvfs error code: 2. Ignoring...

2023/11/27 (11:58:17) | ===> btop++ v.1.2.13
2023/11/27 (11:58:17) | WARNING: Failed to get disk/partition stats for mount "swap" with statvfs error code: 2. Ignoring...

2023/11/27 (17:00:09) | ===> btop++ v.1.2.13
2023/11/27 (17:00:09) | WARNING: Failed to get disk/partition stats for mount "swap" with statvfs error code: 2. Ignoring...

2023/12/01 (17:33:24) | ===> btop++ v.1.2.13
2023/12/01 (17:33:24) | WARNING: Failed to get disk/partition stats for mount "swap" with statvfs error code: 2. Ignoring...

2023/12/01 (17:34:50) | ===> btop++ v.1.2.13
2023/12/01 (17:34:50) | WARNING: Failed to get disk/partition stats for mount "swap" with statvfs error code: 2. Ignoring...

2023/12/02 (10:00:41) | ===> btop++ v.1.2.13
2023/12/02 (10:00:41) | WARNING: Failed to get disk/partition stats for mount "swap" with statvfs error code: 2. Ignoring...

2023/12/05 (17:41:20) | ===> btop++ v.1.2.13
2023/12/05 (17:41:20) | WARNING: Failed to get disk/partition stats for mount "swap" with statvfs error code: 2. Ignoring...

2023/12/08 (17:52:24) | ===> btop++ v.1.2.13
2023/12/08 (17:52:24) | WARNING: Failed to get disk/partition stats for mount "swap" with statvfs error code: 2. Ignoring...

2024/01/30 (17:56:12) | ===> btop++ v.1.3.0
2024/01/30 (17:56:12) | ERROR: Exception during Config::unlock() : unordered_map::at

2024/01/30 (17:56:18) | ===> btop++ v.1.3.0
2024/01/30 (17:56:18) | ERROR: Exception during Config::unlock() : unordered_map::at

2024/01/30 (17:56:44) | ===> btop++ v.1.3.0
2024/01/30 (17:56:44) | ERROR: Exception during Config::unlock() : unordered_map::at

2024/01/30 (17:58:04) | ===> btop++ v.1.3.0
2024/01/30 (17:58:04) | ERROR: Exception during Config::unlock() : unordered_map::at

2024/02/03 (23:46:53) | ===> btop++ v.1.3.0
2024/02/03 (23:46:53) | ERROR: Stall in Runner thread, restarting!

2024/03/11 (16:16:40) | ===> btop++ v.1.3.2
2024/03/11 (16:16:40) | WARNING: NVML: Failed to get maximum GPU power draw, defaulting to 225W: Not Supported
2024/03/11 (16:16:40) | WARNING: NVML: Failed to get GPU power usage: No data

2024/03/11 (16:16:46) | ===> btop++ v.1.3.2
2024/03/11 (16:16:46) | WARNING: NVML: Failed to get maximum GPU power draw, defaulting to 225W: Not Supported

2024/03/11 (18:24:09) | ===> btop++ v.1.3.2
2024/03/11 (18:24:09) | WARNING: NVML: Failed to get maximum GPU power draw, defaulting to 225W: Not Supported
2024/03/11 (18:24:09) | WARNING: NVML: Failed to get GPU power usage: No data

2024/03/12 (01:40:13) | ===> btop++ v.1.3.2
2024/03/12 (01:40:13) | WARNING: NVML: Failed to get maximum GPU power draw, defaulting to 225W: Not Supported
2024/03/12 (01:40:13) | WARNING: NVML: Failed to get GPU power usage: No data

2024/03/12 (02:20:24) | ===> btop++ v.1.3.2
2024/03/12 (02:20:24) | WARNING: NVML: Failed to get maximum GPU power draw, defaulting to 225W: Not Supported
2024/03/12 (02:20:24) | WARNING: NVML: Failed to get GPU power usage: No data

2024/03/12 (02:42:20) | ===> btop++ v.1.3.2
2024/03/12 (02:42:20) | WARNING: NVML: Failed to get maximum GPU power draw, defaulting to 225W: Not Supported
2024/03/12 (02:42:20) | WARNING: NVML: Failed to get GPU power usage: No data

2024/03/12 (11:20:20) | ===> btop++ v.1.3.2
2024/03/12 (11:20:20) | WARNING: NVML: Failed to get maximum GPU power draw, defaulting to 225W: Not Supported
2024/03/12 (11:20:20) | WARNING: NVML: Failed to get GPU power usage: No data
